


ARM Macro Assembler    Page 1 


    1 00000000                 AREA             AsmTemplate, CODE, READONLY
    2 00000000                 IMPORT           main
    3 00000000         
    4 00000000         ; sample program makes the 4 LEDs P1.16, P1.17, P1.18, P
                       1.19 go on and off in sequence
    5 00000000         ; (c) Mike Brady, 2011 -- 2019.
    6 00000000         
    7 00000000                 EXPORT           start
    8 00000000         start
    9 00000000         
   10 00000000 E0028018 
                       IO1DIR  EQU              0xE0028018
   11 00000000 E0028014 
                       IO1SET  EQU              0xE0028014
   12 00000000 E002801C 
                       IO1CLR  EQU              0xE002801C
   13 00000000         
   14 00000000 E3A00003        mov              r0,#3
   15 00000004 EBFFFFFF        BL               flash
   16 00000008         
   17 00000008         ;
   18 00000008         ; flash subroutine
   19 00000008         ; Show the binary representation with LED flashing 
   20 00000008         ; parameter: 
   21 00000008         ;  R0: binary representation
   22 00000008         ; output:
   23 00000008         ;  none
   24 00000008         
   25 00000008 E92D8078 
                       flash   PUSH             {r3-r6,pc}
   26 0000000C E59F1070        ldr              r1,=IO1DIR
   27 00000010 E3A0280F        ldr              r2,=0x000f0000 ;select P1.19--P
                                                            1.16
   28 00000014 E5812000        str              r2,[r1]     ;make them outputs
   29 00000018 E59F1068        ldr              r1,=IO1SET
   30 0000001C E5812000        str              r2,[r1]     ;set them to turn t
                                                            he LEDs off
   31 00000020 E59F2064        ldr              r2,=IO1CLR
   32 00000024         ; r1 points to the SET register
   33 00000024         ; r2 points to the CLEAR register
   34 00000024         
   35 00000024         
   36 00000024 E3A05817        ldr              r5,=0x000170000 ; end when the 
                                                            mask reaches this v
                                                            alue
   37 00000028 E3A06000        ldr              r6,=0
   38 0000002C         
   39 0000002C E3A03702        ldr              r3,=0x000080000 
                                                            ; start with P1.16.
                                                            
   40 00000030 E3500000 
                       floop   cmp              r0,#0
   41 00000034 0A000006        beq              ds
   42 00000038 E1B000A0        movs             r0,r0,lsr #1
   43 0000003C E2A66000        adc              r6,r6,#0
   44 00000040 E3560000        cmp              r6,#0
   45 00000044 0A000000        beq              nset
   46 00000048 E5823000        str              r3,[r2]     ; clear the bit -> 
                                                            turn on the LED



ARM Macro Assembler    Page 2 


   47 0000004C E1A030A3 
                       nset    mov              r3,r3,lsr #1
   48 00000050 EAFFFFF6        b                floop
   49 00000054         
   50 00000054         ;delay for about a half second
   51 00000054 E59F4034 
                       ds      ldr              r4,=4000000
   52 00000058 E2544001 
                       dloop   subs             r4,r4,#1
   53 0000005C 1AFFFFFD        bne              dloop
   54 00000060         
   55 00000060 E5813000 
                       offs    str              r3,[r1]     ;set the bit -> tur
                                                            n off the LED
   56 00000064 E1A03083        mov              r3,r3,lsl #1 ;shift up to next 
                                                            bit. P1.16 -> P1.17
                                                             etc.
   57 00000068 E1530005        cmp              r3,r5
   58 0000006C BAFFFFFB        blt              offs
   59 00000070         
   60 00000070 E8BD4078        POP              {r3-r6,lr}
   61 00000074 EAFFFFFE 
                       stop    B                stop
   62 00000078         
   63 00000078 0F 01 02 
              03       TABLE   DCB              0xF, 0x1, 0x2, 0x3 ; 0-3
   64 0000007C 04 05 06 
              07               DCB              0x4, 0x5, 0x6, 0x7 ; 4-7
   65 00000080 08 09           DCB              0x8, 0x9    ; 8-9
   66 00000082 0A              DCB              0xA         ; - sign
   67 00000083         
   68 00000083         
   69 00000083         
   70 00000083                 END
              00 E0028018 
              E0028014 
              E002801C 
              003D0900 
Command Line: --debug --xref --diag_suppress=9931 --apcs=interwork --depend=.\a
pp.d -o.\app.o -IC:\Keil_v5\ARM\RV31\INC -IC:\Keil_v5\ARM\CMSIS\Include -IC:\Ke
il_v5\ARM\Inc\Philips --predefine="__EVAL SETA 1" --predefine="__MICROLIB SETA 
1" --predefine="__UVISION_VERSION SETA 516" --list=.\listings\app.lst App.s



ARM Macro Assembler    Page 1 Alphabetic symbol ordering
Relocatable symbols

AsmTemplate 00000000

Symbol: AsmTemplate
   Definitions
      At line 1 in file App.s
   Uses
      None
Comment: AsmTemplate unused
TABLE 00000078

Symbol: TABLE
   Definitions
      At line 63 in file App.s
   Uses
      None
Comment: TABLE unused
dloop 00000058

Symbol: dloop
   Definitions
      At line 52 in file App.s
   Uses
      At line 53 in file App.s
Comment: dloop used once
ds 00000054

Symbol: ds
   Definitions
      At line 51 in file App.s
   Uses
      At line 41 in file App.s
Comment: ds used once
flash 00000008

Symbol: flash
   Definitions
      At line 25 in file App.s
   Uses
      At line 15 in file App.s
Comment: flash used once
floop 00000030

Symbol: floop
   Definitions
      At line 40 in file App.s
   Uses
      At line 48 in file App.s
Comment: floop used once
nset 0000004C

Symbol: nset
   Definitions
      At line 47 in file App.s
   Uses
      At line 45 in file App.s
Comment: nset used once
offs 00000060

Symbol: offs



ARM Macro Assembler    Page 2 Alphabetic symbol ordering
Relocatable symbols

   Definitions
      At line 55 in file App.s
   Uses
      At line 58 in file App.s
Comment: offs used once
start 00000000

Symbol: start
   Definitions
      At line 8 in file App.s
   Uses
      At line 7 in file App.s
Comment: start used once
stop 00000074

Symbol: stop
   Definitions
      At line 61 in file App.s
   Uses
      At line 61 in file App.s
Comment: stop used once
10 symbols



ARM Macro Assembler    Page 1 Alphabetic symbol ordering
Absolute symbols

IO1CLR E002801C

Symbol: IO1CLR
   Definitions
      At line 12 in file App.s
   Uses
      At line 31 in file App.s
Comment: IO1CLR used once
IO1DIR E0028018

Symbol: IO1DIR
   Definitions
      At line 10 in file App.s
   Uses
      At line 26 in file App.s
Comment: IO1DIR used once
IO1SET E0028014

Symbol: IO1SET
   Definitions
      At line 11 in file App.s
   Uses
      At line 29 in file App.s
Comment: IO1SET used once
3 symbols



ARM Macro Assembler    Page 1 Alphabetic symbol ordering
External symbols

main 00000000

Symbol: main
   Definitions
      At line 2 in file App.s
   Uses
      None
Comment: main unused
1 symbol
349 symbols in table
